This file contains any messages produced by compilers while
running configure, to aid debugging if configure makes a mistake.

It was created by ObexFTP configure 0.22, which was
generated by GNU Autoconf 2.61.  Invocation command line was

  $ ./configure --prefix=/usr

## --------- ##
## Platform. ##
## --------- ##

hostname = manuel-laptop
uname -m = x86_64
uname -r = 2.6.22.18-laptop-1mdv
uname -s = Linux
uname -v = #1 SMP Mon Feb 11 13:53:01 EST 2008

/usr/bin/uname -p = unknown
/bin/uname -X     = unknown

/bin/arch              = x86_64
/usr/bin/arch -k       = unknown
/usr/convex/getsysinfo = unknown
/usr/bin/hostinfo      = unknown
/bin/machine           = unknown
/usr/bin/oslevel       = unknown
/bin/universe          = unknown

PATH: /sbin
PATH: /usr/sbin
PATH: /bin
PATH: /usr/bin
PATH: /usr/X11R6/bin
PATH: /usr/local/bin
PATH: /usr/local/sbin
PATH: /usr/lib/qt4/bin
PATH: /usr/NX/bin
PATH: /usr/lib/qt3/bin


## ----------- ##
## Core tests. ##
## ----------- ##

configure:2044: checking for a BSD-compatible install
configure:2100: result: /usr/bin/install -c
configure:2111: checking whether build environment is sane
configure:2154: result: yes
configure:2182: checking for a thread-safe mkdir -p
configure:2221: result: /bin/mkdir -p
configure:2234: checking for gawk
configure:2250: found /bin/gawk
configure:2261: result: gawk
configure:2272: checking whether make sets $(MAKE)
configure:2293: result: yes
configure:2501: checking for style of include used by make
configure:2529: result: GNU
configure:2599: checking for gcc
configure:2615: found /usr/bin/gcc
configure:2626: result: gcc
configure:2864: checking for C compiler version
configure:2871: gcc --version >&5
gcc (GCC) 4.2.2 20071128 (prerelease) (4.2.2-3.1mdv2008.0)
Copyright (C) 2007 Free Software Foundation, Inc.
This is free software; see the source for copying conditions.  There is NO
warranty; not even for MERCHANTABILITY or FITNESS FOR A PARTICULAR PURPOSE.

configure:2874: $? = 0
configure:2881: gcc -v >&5
Using built-in specs.
Target: x86_64-mandriva-linux-gnu
Configured with: ../configure --prefix=/usr --libexecdir=/usr/lib --with-slibdir=/lib64 --mandir=/usr/share/man --infodir=/usr/share/info --enable-checking=release --enable-languages=c,c++,ada,fortran,objc,obj-c++,java --host=x86_64-mandriva-linux-gnu --with-cpu=generic --with-system-zlib --enable-threads=posix --enable-shared --enable-long-long --enable-__cxa_atexit --disable-libunwind-exceptions --enable-clocale=gnu --enable-java-awt=gtk --with-java-home=/usr/lib/jvm/java-1.4.2-gcj-1.4.2.0/jre --enable-gtk-cairo --disable-libjava-multilib --enable-ssp --disable-libssp
Thread model: posix
gcc version 4.2.2 20071128 (prerelease) (4.2.2-3.1mdv2008.0)
configure:2884: $? = 0
configure:2891: gcc -V >&5
gcc: '-V' option must have argument
configure:2894: $? = 1
configure:2917: checking for C compiler default output file name
configure:2944: gcc    conftest.c  >&5
configure:2947: $? = 0
configure:2985: result: a.out
configure:3002: checking whether the C compiler works
configure:3012: ./a.out
configure:3015: $? = 0
configure:3032: result: yes
configure:3039: checking whether we are cross compiling
configure:3041: result: no
configure:3044: checking for suffix of executables
configure:3051: gcc -o conftest    conftest.c  >&5
configure:3054: $? = 0
configure:3078: result: 
configure:3084: checking for suffix of object files
configure:3110: gcc -c   conftest.c >&5
configure:3113: $? = 0
configure:3136: result: o
configure:3140: checking whether we are using the GNU C compiler
configure:3169: gcc -c   conftest.c >&5
configure:3175: $? = 0
configure:3192: result: yes
configure:3197: checking whether gcc accepts -g
configure:3227: gcc -c -g  conftest.c >&5
configure:3233: $? = 0
configure:3332: result: yes
configure:3349: checking for gcc option to accept ISO C89
configure:3423: gcc  -c -g -O2  conftest.c >&5
configure:3429: $? = 0
configure:3452: result: none needed
configure:3472: checking dependency style of gcc
configure:3563: result: gcc3
configure:3579: checking for library containing strerror
configure:3620: gcc -o conftest -g -O2   conftest.c  >&5
configure:3626: $? = 0
configure:3654: result: none required
configure:3710: checking for gcc
configure:3737: result: gcc
configure:3975: checking for C compiler version
configure:3982: gcc --version >&5
gcc (GCC) 4.2.2 20071128 (prerelease) (4.2.2-3.1mdv2008.0)
Copyright (C) 2007 Free Software Foundation, Inc.
This is free software; see the source for copying conditions.  There is NO
warranty; not even for MERCHANTABILITY or FITNESS FOR A PARTICULAR PURPOSE.

configure:3985: $? = 0
configure:3992: gcc -v >&5
Using built-in specs.
Target: x86_64-mandriva-linux-gnu
Configured with: ../configure --prefix=/usr --libexecdir=/usr/lib --with-slibdir=/lib64 --mandir=/usr/share/man --infodir=/usr/share/info --enable-checking=release --enable-languages=c,c++,ada,fortran,objc,obj-c++,java --host=x86_64-mandriva-linux-gnu --with-cpu=generic --with-system-zlib --enable-threads=posix --enable-shared --enable-long-long --enable-__cxa_atexit --disable-libunwind-exceptions --enable-clocale=gnu --enable-java-awt=gtk --with-java-home=/usr/lib/jvm/java-1.4.2-gcj-1.4.2.0/jre --enable-gtk-cairo --disable-libjava-multilib --enable-ssp --disable-libssp
Thread model: posix
gcc version 4.2.2 20071128 (prerelease) (4.2.2-3.1mdv2008.0)
configure:3995: $? = 0
configure:4002: gcc -V >&5
gcc: '-V' option must have argument
configure:4005: $? = 1
configure:4008: checking whether we are using the GNU C compiler
configure:4060: result: yes
configure:4065: checking whether gcc accepts -g
configure:4200: result: yes
configure:4217: checking for gcc option to accept ISO C89
configure:4320: result: none needed
configure:4340: checking dependency style of gcc
configure:4431: result: gcc3
configure:4459: checking for a BSD-compatible install
configure:4515: result: /usr/bin/install -c
configure:4526: checking whether ln -s works
configure:4530: result: yes
configure:4617: checking build system type
configure:4635: result: x86_64-unknown-linux-gnu
configure:4657: checking host system type
configure:4672: result: x86_64-unknown-linux-gnu
configure:4694: checking for a sed that does not truncate output
configure:4748: result: /bin/sed
configure:4751: checking for grep that handles long lines and -e
configure:4825: result: /bin/grep
configure:4830: checking for egrep
configure:4908: result: /bin/grep -E
configure:4924: checking for ld used by gcc
configure:4991: result: /usr/bin/ld
configure:5000: checking if the linker (/usr/bin/ld) is GNU ld
configure:5015: result: yes
configure:5020: checking for /usr/bin/ld option to reload object files
configure:5027: result: -r
configure:5045: checking for BSD-compatible nm
configure:5094: result: /usr/bin/nm -B
configure:5098: checking how to recognise dependent libraries
configure:5274: result: pass_all
configure:5361: gcc -c -g -O2  conftest.c >&5
configure:5364: $? = 0
configure:5507: checking how to run the C preprocessor
configure:5547: gcc -E  conftest.c
configure:5553: $? = 0
configure:5584: gcc -E  conftest.c
conftest.c:10:28: error: ac_nonexistent.h: No such file or directory
configure:5590: $? = 1
configure: failed program was:
| /* confdefs.h.  */
| #define PACKAGE_NAME "ObexFTP"
| #define PACKAGE_TARNAME "obexftp"
| #define PACKAGE_VERSION "0.22"
| #define PACKAGE_STRING "ObexFTP 0.22"
| #define PACKAGE_BUGREPORT "zany@triq.net"
| #define PACKAGE "obexftp"
| #define VERSION "0.22"
| /* end confdefs.h.  */
| #include <ac_nonexistent.h>
configure:5623: result: gcc -E
configure:5652: gcc -E  conftest.c
configure:5658: $? = 0
configure:5689: gcc -E  conftest.c
conftest.c:10:28: error: ac_nonexistent.h: No such file or directory
configure:5695: $? = 1
configure: failed program was:
| /* confdefs.h.  */
| #define PACKAGE_NAME "ObexFTP"
| #define PACKAGE_TARNAME "obexftp"
| #define PACKAGE_VERSION "0.22"
| #define PACKAGE_STRING "ObexFTP 0.22"
| #define PACKAGE_BUGREPORT "zany@triq.net"
| #define PACKAGE "obexftp"
| #define VERSION "0.22"
| /* end confdefs.h.  */
| #include <ac_nonexistent.h>
configure:5733: checking for ANSI C header files
configure:5763: gcc -c -g -O2  conftest.c >&5
configure:5769: $? = 0
configure:5868: gcc -o conftest -g -O2   conftest.c  >&5
configure:5871: $? = 0
configure:5877: ./conftest
configure:5880: $? = 0
configure:5897: result: yes
configure:5921: checking for sys/types.h
configure:5942: gcc -c -g -O2  conftest.c >&5
configure:5948: $? = 0
configure:5964: result: yes
configure:5921: checking for sys/stat.h
configure:5942: gcc -c -g -O2  conftest.c >&5
configure:5948: $? = 0
configure:5964: result: yes
configure:5921: checking for stdlib.h
configure:5942: gcc -c -g -O2  conftest.c >&5
configure:5948: $? = 0
configure:5964: result: yes
configure:5921: checking for string.h
configure:5942: gcc -c -g -O2  conftest.c >&5
configure:5948: $? = 0
configure:5964: result: yes
configure:5921: checking for memory.h
configure:5942: gcc -c -g -O2  conftest.c >&5
configure:5948: $? = 0
configure:5964: result: yes
configure:5921: checking for strings.h
configure:5942: gcc -c -g -O2  conftest.c >&5
configure:5948: $? = 0
configure:5964: result: yes
configure:5921: checking for inttypes.h
configure:5942: gcc -c -g -O2  conftest.c >&5
configure:5948: $? = 0
configure:5964: result: yes
configure:5921: checking for stdint.h
configure:5942: gcc -c -g -O2  conftest.c >&5
configure:5948: $? = 0
configure:5964: result: yes
configure:5921: checking for unistd.h
configure:5942: gcc -c -g -O2  conftest.c >&5
configure:5948: $? = 0
configure:5964: result: yes
configure:5991: checking dlfcn.h usability
configure:6008: gcc -c -g -O2  conftest.c >&5
configure:6014: $? = 0
configure:6028: result: yes
configure:6032: checking dlfcn.h presence
configure:6047: gcc -E  conftest.c
configure:6053: $? = 0
configure:6067: result: yes
configure:6100: checking for dlfcn.h
configure:6108: result: yes
configure:6179: checking for g++
configure:6195: found /usr/bin/g++
configure:6206: result: g++
configure:6237: checking for C++ compiler version
configure:6244: g++ --version >&5
g++ (GCC) 4.2.2 20071128 (prerelease) (4.2.2-3.1mdv2008.0)
Copyright (C) 2007 Free Software Foundation, Inc.
This is free software; see the source for copying conditions.  There is NO
warranty; not even for MERCHANTABILITY or FITNESS FOR A PARTICULAR PURPOSE.

configure:6247: $? = 0
configure:6254: g++ -v >&5
Using built-in specs.
Target: x86_64-mandriva-linux-gnu
Configured with: ../configure --prefix=/usr --libexecdir=/usr/lib --with-slibdir=/lib64 --mandir=/usr/share/man --infodir=/usr/share/info --enable-checking=release --enable-languages=c,c++,ada,fortran,objc,obj-c++,java --host=x86_64-mandriva-linux-gnu --with-cpu=generic --with-system-zlib --enable-threads=posix --enable-shared --enable-long-long --enable-__cxa_atexit --disable-libunwind-exceptions --enable-clocale=gnu --enable-java-awt=gtk --with-java-home=/usr/lib/jvm/java-1.4.2-gcj-1.4.2.0/jre --enable-gtk-cairo --disable-libjava-multilib --enable-ssp --disable-libssp
Thread model: posix
gcc version 4.2.2 20071128 (prerelease) (4.2.2-3.1mdv2008.0)
configure:6257: $? = 0
configure:6264: g++ -V >&5
g++: '-V' option must have argument
configure:6267: $? = 1
configure:6270: checking whether we are using the GNU C++ compiler
configure:6299: g++ -c   conftest.cpp >&5
configure:6305: $? = 0
configure:6322: result: yes
configure:6327: checking whether g++ accepts -g
configure:6357: g++ -c -g  conftest.cpp >&5
configure:6363: $? = 0
configure:6462: result: yes
configure:6487: checking dependency style of g++
configure:6578: result: gcc3
configure:6603: checking how to run the C++ preprocessor
configure:6639: g++ -E  conftest.cpp
configure:6645: $? = 0
configure:6676: g++ -E  conftest.cpp
conftest.cpp:21:28: error: ac_nonexistent.h: No such file or directory
configure:6682: $? = 1
configure: failed program was:
| /* confdefs.h.  */
| #define PACKAGE_NAME "ObexFTP"
| #define PACKAGE_TARNAME "obexftp"
| #define PACKAGE_VERSION "0.22"
| #define PACKAGE_STRING "ObexFTP 0.22"
| #define PACKAGE_BUGREPORT "zany@triq.net"
| #define PACKAGE "obexftp"
| #define VERSION "0.22"
| #define STDC_HEADERS 1
| #define HAVE_SYS_TYPES_H 1
| #define HAVE_SYS_STAT_H 1
| #define HAVE_STDLIB_H 1
| #define HAVE_STRING_H 1
| #define HAVE_MEMORY_H 1
| #define HAVE_STRINGS_H 1
| #define HAVE_INTTYPES_H 1
| #define HAVE_STDINT_H 1
| #define HAVE_UNISTD_H 1
| #define HAVE_DLFCN_H 1
| /* end confdefs.h.  */
| #include <ac_nonexistent.h>
configure:6715: result: g++ -E
configure:6744: g++ -E  conftest.cpp
configure:6750: $? = 0
configure:6781: g++ -E  conftest.cpp
conftest.cpp:21:28: error: ac_nonexistent.h: No such file or directory
configure:6787: $? = 1
configure: failed program was:
| /* confdefs.h.  */
| #define PACKAGE_NAME "ObexFTP"
| #define PACKAGE_TARNAME "obexftp"
| #define PACKAGE_VERSION "0.22"
| #define PACKAGE_STRING "ObexFTP 0.22"
| #define PACKAGE_BUGREPORT "zany@triq.net"
| #define PACKAGE "obexftp"
| #define VERSION "0.22"
| #define STDC_HEADERS 1
| #define HAVE_SYS_TYPES_H 1
| #define HAVE_SYS_STAT_H 1
| #define HAVE_STDLIB_H 1
| #define HAVE_STRING_H 1
| #define HAVE_MEMORY_H 1
| #define HAVE_STRINGS_H 1
| #define HAVE_INTTYPES_H 1
| #define HAVE_STDINT_H 1
| #define HAVE_UNISTD_H 1
| #define HAVE_DLFCN_H 1
| /* end confdefs.h.  */
| #include <ac_nonexistent.h>
configure:6880: checking for g77
configure:6896: found /usr/bin/g77
configure:6907: result: g77
configure:6937: checking for Fortran 77 compiler version
configure:6944: g77 --version >&5
GNU Fortran (GCC) 3.3.6 (Mandrakelinux release 3.3.6-3mdk)
Copyright (C) 2002 Free Software Foundation, Inc.

GNU Fortran comes with NO WARRANTY, to the extent permitted by law.
You may redistribute copies of GNU Fortran
under the terms of the GNU General Public License.
For more information about these matters, see the file named COPYING
or type the command `info -f g77 Copying'.
configure:6947: $? = 0
configure:6954: g77 -v >&5
Reading specs from /usr/lib64/gcc-lib/x86_64-mandriva-linux-gnu/3.3.6/specs
Configured with: ../configure --prefix=/usr --libdir=/usr/lib64 --with-slibdir=/lib64 --mandir=/usr/share/man --infodir=/usr/share/info --enable-shared --enable-threads=posix --disable-checking --enable-long-long --enable-__cxa_atexit --enable-clocale=gnu --enable-languages=c,c++,f77 --program-suffix=-3.3.6 --host=x86_64-mandriva-linux-gnu --with-system-zlib
Thread model: posix
gcc version 3.3.6 (Mandrakelinux release 3.3.6-3mdk)
configure:6957: $? = 0
configure:6964: g77 -V >&5
g77: `-V' option must have argument
configure:6967: $? = 1
configure:6975: checking whether we are using the GNU Fortran 77 compiler
configure:6994: g77 -c  conftest.F >&5
configure:7000: $? = 0
configure:7017: result: yes
configure:7023: checking whether g77 accepts -g
configure:7040: g77 -c -g conftest.f >&5
configure:7046: $? = 0
configure:7062: result: yes
configure:7092: checking the maximum length of command line arguments
configure:7201: result: 32768
configure:7212: checking command to parse /usr/bin/nm -B output from gcc object
configure:7317: gcc -c -g -O2  conftest.c >&5
configure:7320: $? = 0
configure:7324: /usr/bin/nm -B conftest.o \| sed -n -e 's/^.*[ 	]\([ABCDGIRSTW][ABCDGIRSTW]*\)[ 	][ 	]*\([_A-Za-z][_A-Za-z0-9]*\)$/\1 \2 \2/p' \> conftest.nm
configure:7327: $? = 0
configure:7379: gcc -o conftest -g -O2   conftest.c conftstm.o >&5
configure:7382: $? = 0
configure:7420: result: ok
configure:7424: checking for objdir
configure:7439: result: .libs
configure:7531: checking for ar
configure:7547: found /usr/bin/ar
configure:7558: result: ar
configure:7627: checking for ranlib
configure:7643: found /usr/bin/ranlib
configure:7654: result: ranlib
configure:7723: checking for strip
configure:7739: found /usr/bin/strip
configure:7750: result: strip
configure:7987: checking for correct ltmain.sh version
configure:8037: result: yes
configure:8097: checking if gcc supports -fno-rtti -fno-exceptions
configure:8115: gcc -c -g -O2  -fno-rtti -fno-exceptions conftest.c >&5
cc1: warning: command line option "-fno-rtti" is valid for C++/ObjC++ but not for C
configure:8119: $? = 0
configure:8132: result: no
configure:8147: checking for gcc option to produce PIC
configure:8357: result: -fPIC
configure:8365: checking if gcc PIC flag -fPIC works
configure:8383: gcc -c -g -O2  -fPIC -DPIC conftest.c >&5
configure:8387: $? = 0
configure:8400: result: yes
configure:8428: checking if gcc static flag -static works
configure:8456: result: no
configure:8466: checking if gcc supports -c -o file.o
configure:8487: gcc -c -g -O2  -o out/conftest2.o conftest.c >&5
configure:8491: $? = 0
configure:8513: result: yes
configure:8539: checking whether the gcc linker (/usr/bin/ld -m elf_x86_64) supports shared libraries
configure:9493: result: yes
configure:9514: checking whether -lc should be explicitly linked in
configure:9519: gcc -c -g -O2  conftest.c >&5
configure:9522: $? = 0
configure:9537: gcc -shared conftest.o  -v -Wl,-soname -Wl,conftest -o conftest 2\>\&1 \| grep  -lc  \>/dev/null 2\>\&1
configure:9540: $? = 0
configure:9552: result: no
configure:9560: checking dynamic linker characteristics
configure:10185: result: GNU/Linux ld.so
configure:10194: checking how to hardcode library paths into programs
configure:10219: result: immediate
configure:10233: checking whether stripping libraries is possible
configure:10238: result: yes
configure:11039: checking if libtool supports shared libraries
configure:11041: result: yes
configure:11044: checking whether to build shared libraries
configure:11065: result: yes
configure:11068: checking whether to build static libraries
configure:11072: result: yes
configure:11164: creating libtool
configure:11752: checking for ld used by g++
configure:11819: result: /usr/bin/ld -m elf_x86_64
configure:11828: checking if the linker (/usr/bin/ld -m elf_x86_64) is GNU ld
configure:11843: result: yes
configure:11894: checking whether the g++ linker (/usr/bin/ld -m elf_x86_64) supports shared libraries
configure:12828: result: yes
configure:12846: g++ -c -g -O2  conftest.cpp >&5
configure:12849: $? = 0
configure:12968: checking for g++ option to produce PIC
configure:13242: result: -fPIC
configure:13250: checking if g++ PIC flag -fPIC works
configure:13268: g++ -c -g -O2  -fPIC -DPIC conftest.cpp >&5
configure:13272: $? = 0
configure:13285: result: yes
configure:13313: checking if g++ static flag -static works
configure:13341: result: no
configure:13351: checking if g++ supports -c -o file.o
configure:13372: g++ -c -g -O2  -o out/conftest2.o conftest.cpp >&5
configure:13376: $? = 0
configure:13398: result: yes
configure:13424: checking whether the g++ linker (/usr/bin/ld -m elf_x86_64) supports shared libraries
configure:13449: result: yes
configure:13516: checking dynamic linker characteristics
configure:14141: result: GNU/Linux ld.so
configure:14150: checking how to hardcode library paths into programs
configure:14175: result: immediate
configure:14701: checking if libtool supports shared libraries
configure:14703: result: yes
configure:14706: checking whether to build shared libraries
configure:14726: result: yes
configure:14729: checking whether to build static libraries
configure:14733: result: yes
configure:14743: checking for g77 option to produce PIC
configure:14953: result: -fPIC
configure:14961: checking if g77 PIC flag -fPIC works
configure:14979: g77 -c -g -O2 -fPIC conftest.f >&5
configure:14983: $? = 0
configure:14996: result: yes
configure:15024: checking if g77 static flag -static works
configure:15052: result: no
configure:15062: checking if g77 supports -c -o file.o
configure:15083: g77 -c -g -O2 -o out/conftest2.o conftest.f >&5
configure:15087: $? = 0
configure:15109: result: yes
configure:15135: checking whether the g77 linker (/usr/bin/ld -m elf_x86_64) supports shared libraries
configure:16069: result: yes
configure:16136: checking dynamic linker characteristics
configure:16761: result: GNU/Linux ld.so
configure:16770: checking how to hardcode library paths into programs
configure:16795: result: immediate
configure:20391: checking for ANSI C header files
configure:20555: result: yes
configure:20573: checking for dirent.h that defines DIR
configure:20602: gcc -c -g -O2  conftest.c >&5
configure:20608: $? = 0
configure:20624: result: yes
configure:20637: checking for library containing opendir
configure:20678: gcc -o conftest -g -O2   conftest.c  >&5
configure:20684: $? = 0
configure:20712: result: none required
configure:20833: checking arpa/inet.h usability
configure:20850: gcc -c -g -O2  conftest.c >&5
configure:20856: $? = 0
configure:20870: result: yes
configure:20874: checking arpa/inet.h presence
configure:20889: gcc -E  conftest.c
configure:20895: $? = 0
configure:20909: result: yes
configure:20942: checking for arpa/inet.h
configure:20950: result: yes
configure:20833: checking errno.h usability
configure:20850: gcc -c -g -O2  conftest.c >&5
configure:20856: $? = 0
configure:20870: result: yes
configure:20874: checking errno.h presence
configure:20889: gcc -E  conftest.c
configure:20895: $? = 0
configure:20909: result: yes
configure:20942: checking for errno.h
configure:20950: result: yes
configure:20833: checking fcntl.h usability
configure:20850: gcc -c -g -O2  conftest.c >&5
configure:20856: $? = 0
configure:20870: result: yes
configure:20874: checking fcntl.h presence
configure:20889: gcc -E  conftest.c
configure:20895: $? = 0
configure:20909: result: yes
configure:20942: checking for fcntl.h
configure:20950: result: yes
configure:20833: checking netdb.h usability
configure:20850: gcc -c -g -O2  conftest.c >&5
configure:20856: $? = 0
configure:20870: result: yes
configure:20874: checking netdb.h presence
configure:20889: gcc -E  conftest.c
configure:20895: $? = 0
configure:20909: result: yes
configure:20942: checking for netdb.h
configure:20950: result: yes
configure:20833: checking netinet/in.h usability
configure:20850: gcc -c -g -O2  conftest.c >&5
configure:20856: $? = 0
configure:20870: result: yes
configure:20874: checking netinet/in.h presence
configure:20889: gcc -E  conftest.c
configure:20895: $? = 0
configure:20909: result: yes
configure:20942: checking for netinet/in.h
configure:20950: result: yes
configure:20823: checking for stdlib.h
configure:20829: result: yes
configure:20823: checking for string.h
configure:20829: result: yes
configure:20833: checking sys/ioctl.h usability
configure:20850: gcc -c -g -O2  conftest.c >&5
configure:20856: $? = 0
configure:20870: result: yes
configure:20874: checking sys/ioctl.h presence
configure:20889: gcc -E  conftest.c
configure:20895: $? = 0
configure:20909: result: yes
configure:20942: checking for sys/ioctl.h
configure:20950: result: yes
configure:20833: checking sys/socket.h usability
configure:20850: gcc -c -g -O2  conftest.c >&5
configure:20856: $? = 0
configure:20870: result: yes
configure:20874: checking sys/socket.h presence
configure:20889: gcc -E  conftest.c
configure:20895: $? = 0
configure:20909: result: yes
configure:20942: checking for sys/socket.h
configure:20950: result: yes
configure:20833: checking sys/time.h usability
configure:20850: gcc -c -g -O2  conftest.c >&5
configure:20856: $? = 0
configure:20870: result: yes
configure:20874: checking sys/time.h presence
configure:20889: gcc -E  conftest.c
configure:20895: $? = 0
configure:20909: result: yes
configure:20942: checking for sys/time.h
configure:20950: result: yes
configure:20833: checking termios.h usability
configure:20850: gcc -c -g -O2  conftest.c >&5
configure:20856: $? = 0
configure:20870: result: yes
configure:20874: checking termios.h presence
configure:20889: gcc -E  conftest.c
configure:20895: $? = 0
configure:20909: result: yes
configure:20942: checking for termios.h
configure:20950: result: yes
configure:20823: checking for unistd.h
configure:20829: result: yes
configure:20833: checking sys/select.h usability
configure:20850: gcc -c -g -O2  conftest.c >&5
configure:20856: $? = 0
configure:20870: result: yes
configure:20874: checking sys/select.h presence
configure:20889: gcc -E  conftest.c
configure:20895: $? = 0
configure:20909: result: yes
configure:20942: checking for sys/select.h
configure:20950: result: yes
configure:21023: checking for pkg-config
configure:21041: found /usr/bin/pkg-config
configure:21053: result: /usr/bin/pkg-config
configure:21082: checking pkg-config is at least version 0.9.0
configure:21085: result: yes
configure:21096: checking for OPENOBEX
configure:21104: $PKG_CONFIG --exists --print-errors "openobex"
configure:21107: $? = 0
configure:21122: $PKG_CONFIG --exists --print-errors "openobex"
configure:21125: $? = 0
configure:21201: result: yes
configure:21246: checking for ld used by GCC
configure:21310: result: /usr/bin/ld -m elf_x86_64
configure:21319: checking if the linker (/usr/bin/ld -m elf_x86_64) is GNU ld
configure:21332: result: yes
configure:21339: checking for shared library run path origin
configure:21352: result: done
configure:21816: checking for iconv
configure:21848: gcc -o conftest -g -O2   conftest.c  >&5
configure:21854: $? = 0
configure:21924: result: yes
configure:21947: checking for iconv declaration
configure:21986: gcc -c -g -O2  conftest.c >&5
configure:21992: $? = 0
configure:22011: result: 
         extern size_t iconv (iconv_t cd, char * *inbuf, size_t *inbytesleft, char * *outbuf, size_t *outbytesleft);
configure:22037: checking for BLUETOOTH
configure:22045: $PKG_CONFIG --exists --print-errors "bluez"
configure:22048: $? = 0
configure:22063: $PKG_CONFIG --exists --print-errors "bluez"
configure:22066: $? = 0
configure:22104: result: yes
configure:22320: checking for Bluetooth SDP support
configure:22348: gcc -c -g -O2  conftest.c >&5
configure:22354: $? = 0
configure:22379: result: yes
configure:22384: checking for USB support
configure:22413: gcc -c -g -O2  conftest.c >&5
configure:22419: $? = 0
configure:22443: result: yes
configure:22583: checking for perl
configure:22599: found /usr/bin/perl
configure:22611: result: yes
configure:22625: checking for perl
configure:22643: found /usr/bin/perl
configure:22655: result: /usr/bin/perl
configure:22679: checking for python
configure:22695: found /usr/bin/python
configure:22707: result: yes
configure:22729: checking for python
configure:22747: found /usr/bin/python
configure:22759: result: /usr/bin/python
configure:22782: checking for python version
configure:22789: result: 2.5
configure:22801: checking for python platform
configure:22808: result: linux2
configure:22815: checking for python script directory
configure:22823: result: ${prefix}/lib/python2.5/site-packages
configure:22832: checking for python extension module directory
configure:22840: result: ${exec_prefix}/lib64/python2.5/site-packages
configure:22869: checking for ruby
configure:22885: found /usr/bin/ruby
configure:22897: result: yes
configure:22911: checking for ruby
configure:22929: found /usr/bin/ruby
configure:22941: result: /usr/bin/ruby
configure:22965: checking for tclsh
configure:22981: found /usr/bin/tclsh
configure:22993: result: yes
configure:23007: checking for tclsh
configure:23025: found /usr/bin/tclsh
configure:23037: result: /usr/bin/tclsh
configure:23100: gcc -c -g -O2  conftest.c >&5
configure:23106: $? = 0
configure:23320: creating ./config.status

## ---------------------- ##
## Running config.status. ##
## ---------------------- ##

This file was extended by ObexFTP config.status 0.22, which was
generated by GNU Autoconf 2.61.  Invocation command line was

  CONFIG_FILES    = 
  CONFIG_HEADERS  = 
  CONFIG_LINKS    = 
  CONFIG_COMMANDS = 
  $ ./config.status 

on manuel-laptop

config.status:716: creating Makefile
config.status:716: creating swig/perl/Makefile
config.status:716: creating swig/perl/Makefile.PL
config.status:716: creating swig/python/Makefile
config.status:716: creating swig/python/setup.py
config.status:716: creating swig/ruby/Makefile
config.status:716: creating swig/tcl/Makefile
config.status:716: creating swig/Makefile
config.status:716: creating contrib/Makefile
config.status:716: creating doc/Makefile
config.status:716: creating apps/Makefile
config.status:716: creating bfb/Makefile
config.status:716: creating multicobex/Makefile
config.status:716: creating obexftp/Makefile
config.status:716: creating obexftp.spec
config.status:716: creating config.h
config.status:963: config.h is unchanged
config.status:1009: executing depfiles commands

## ---------------- ##
## Cache variables. ##
## ---------------- ##

ac_cv_build=x86_64-unknown-linux-gnu
ac_cv_c_compiler_gnu=yes
ac_cv_cxx_compiler_gnu=yes
ac_cv_env_BLUETOOTH_CFLAGS_set=
ac_cv_env_BLUETOOTH_CFLAGS_value=
ac_cv_env_BLUETOOTH_LIBS_set=
ac_cv_env_BLUETOOTH_LIBS_value=
ac_cv_env_CCC_set=
ac_cv_env_CCC_value=
ac_cv_env_CC_set=
ac_cv_env_CC_value=
ac_cv_env_CFLAGS_set=
ac_cv_env_CFLAGS_value=
ac_cv_env_CPPFLAGS_set=
ac_cv_env_CPPFLAGS_value=
ac_cv_env_CPP_set=
ac_cv_env_CPP_value=
ac_cv_env_CXXCPP_set=
ac_cv_env_CXXCPP_value=
ac_cv_env_CXXFLAGS_set=
ac_cv_env_CXXFLAGS_value=
ac_cv_env_CXX_set=
ac_cv_env_CXX_value=
ac_cv_env_F77_set=
ac_cv_env_F77_value=
ac_cv_env_FFLAGS_set=
ac_cv_env_FFLAGS_value=
ac_cv_env_LDFLAGS_set=
ac_cv_env_LDFLAGS_value=
ac_cv_env_LIBS_set=
ac_cv_env_LIBS_value=
ac_cv_env_OPENOBEX_CFLAGS_set=
ac_cv_env_OPENOBEX_CFLAGS_value=
ac_cv_env_OPENOBEX_LIBS_set=
ac_cv_env_OPENOBEX_LIBS_value=
ac_cv_env_PKG_CONFIG_set=
ac_cv_env_PKG_CONFIG_value=
ac_cv_env_build_alias_set=
ac_cv_env_build_alias_value=
ac_cv_env_host_alias_set=
ac_cv_env_host_alias_value=
ac_cv_env_target_alias_set=
ac_cv_env_target_alias_value=
ac_cv_f77_compiler_gnu=yes
ac_cv_header_arpa_inet_h=yes
ac_cv_header_dirent_dirent_h=yes
ac_cv_header_dlfcn_h=yes
ac_cv_header_errno_h=yes
ac_cv_header_fcntl_h=yes
ac_cv_header_inttypes_h=yes
ac_cv_header_memory_h=yes
ac_cv_header_netdb_h=yes
ac_cv_header_netinet_in_h=yes
ac_cv_header_stdc=yes
ac_cv_header_stdint_h=yes
ac_cv_header_stdlib_h=yes
ac_cv_header_string_h=yes
ac_cv_header_strings_h=yes
ac_cv_header_sys_ioctl_h=yes
ac_cv_header_sys_select_h=yes
ac_cv_header_sys_socket_h=yes
ac_cv_header_sys_stat_h=yes
ac_cv_header_sys_time_h=yes
ac_cv_header_sys_types_h=yes
ac_cv_header_termios_h=yes
ac_cv_header_unistd_h=yes
ac_cv_host=x86_64-unknown-linux-gnu
ac_cv_objext=o
ac_cv_path_EGREP='/bin/grep -E'
ac_cv_path_GREP=/bin/grep
ac_cv_path_PERL=/usr/bin/perl
ac_cv_path_PYTHON=/usr/bin/python
ac_cv_path_RUBY=/usr/bin/ruby
ac_cv_path_TCLSH=/usr/bin/tclsh
ac_cv_path_ac_pt_PKG_CONFIG=/usr/bin/pkg-config
ac_cv_path_install='/usr/bin/install -c'
ac_cv_path_mkdir=/bin/mkdir
ac_cv_prog_AWK=gawk
ac_cv_prog_CPP='gcc -E'
ac_cv_prog_CXXCPP='g++ -E'
ac_cv_prog_ac_ct_AR=ar
ac_cv_prog_ac_ct_CC=gcc
ac_cv_prog_ac_ct_CXX=g++
ac_cv_prog_ac_ct_F77=g77
ac_cv_prog_ac_ct_RANLIB=ranlib
ac_cv_prog_ac_ct_STRIP=strip
ac_cv_prog_ac_perl_enabled=yes
ac_cv_prog_ac_python_enabled=yes
ac_cv_prog_ac_ruby_enabled=yes
ac_cv_prog_ac_tcl_enabled=yes
ac_cv_prog_cc_c89=
ac_cv_prog_cc_g=yes
ac_cv_prog_cxx_g=yes
ac_cv_prog_f77_g=yes
ac_cv_prog_make_make_set=yes
ac_cv_search_opendir='none required'
ac_cv_search_strerror='none required'
acl_cv_hardcode_direct=no
acl_cv_hardcode_libdir_flag_spec='${wl}-rpath ${wl}$libdir'
acl_cv_hardcode_libdir_separator=
acl_cv_hardcode_minus_L=no
acl_cv_libext=a
acl_cv_path_LD='/usr/bin/ld -m elf_x86_64'
acl_cv_prog_gnu_ld=yes
acl_cv_rpath=done
acl_cv_shlibext=so
acl_cv_wl=-Wl,
am_cv_CC_dependencies_compiler_type=gcc3
am_cv_CXX_dependencies_compiler_type=gcc3
am_cv_func_iconv=yes
am_cv_lib_iconv=no
am_cv_proto_iconv='extern size_t iconv (iconv_t cd, char * *inbuf, size_t *inbytesleft, char * *outbuf, size_t *outbytesleft);'
am_cv_proto_iconv_arg1=
am_cv_python_platform=linux2
am_cv_python_pyexecdir='${exec_prefix}/lib64/python2.5/site-packages'
am_cv_python_pythondir='${prefix}/lib/python2.5/site-packages'
am_cv_python_version=2.5
am_cv_sdplib_found=yes
am_cv_usb_found=yes
lt_cv_deplibs_check_method=pass_all
lt_cv_file_magic_cmd='$MAGIC_CMD'
lt_cv_file_magic_test_file=
lt_cv_ld_reload_flag=-r
lt_cv_objdir=.libs
lt_cv_path_LD=/usr/bin/ld
lt_cv_path_LDCXX='/usr/bin/ld -m elf_x86_64'
lt_cv_path_NM='/usr/bin/nm -B'
lt_cv_path_SED=/bin/sed
lt_cv_prog_compiler_c_o=yes
lt_cv_prog_compiler_c_o_CXX=yes
lt_cv_prog_compiler_c_o_F77=yes
lt_cv_prog_compiler_rtti_exceptions=no
lt_cv_prog_gnu_ld=yes
lt_cv_prog_gnu_ldcxx=yes
lt_cv_sys_global_symbol_pipe='sed -n -e '\''s/^.*[ 	]\([ABCDGIRSTW][ABCDGIRSTW]*\)[ 	][ 	]*\([_A-Za-z][_A-Za-z0-9]*\)$/\1 \2 \2/p'\'''
lt_cv_sys_global_symbol_to_c_name_address='sed -n -e '\''s/^: \([^ ]*\) $/  {\"\1\", (lt_ptr) 0},/p'\'' -e '\''s/^[BCDEGRST] \([^ ]*\) \([^ ]*\)$/  {"\2", (lt_ptr) \&\2},/p'\'''
lt_cv_sys_global_symbol_to_cdecl='sed -n -e '\''s/^. .* \(.*\)$/extern int \1;/p'\'''
lt_cv_sys_max_cmd_len=32768
lt_lt_cv_prog_compiler_c_o='"yes"'
lt_lt_cv_prog_compiler_c_o_CXX='"yes"'
lt_lt_cv_prog_compiler_c_o_F77='"yes"'
lt_lt_cv_sys_global_symbol_pipe='"sed -n -e '\''s/^.*[ 	]\\([ABCDGIRSTW][ABCDGIRSTW]*\\)[ 	][ 	]*\\([_A-Za-z][_A-Za-z0-9]*\\)\$/\\1 \\2 \\2/p'\''"'
lt_lt_cv_sys_global_symbol_to_c_name_address='"sed -n -e '\''s/^: \\([^ ]*\\) \$/  {\\\"\\1\\\", (lt_ptr) 0},/p'\'' -e '\''s/^[BCDEGRST] \\([^ ]*\\) \\([^ ]*\\)\$/  {\"\\2\", (lt_ptr) \\&\\2},/p'\''"'
lt_lt_cv_sys_global_symbol_to_cdecl='"sed -n -e '\''s/^. .* \\(.*\\)\$/extern int \\1;/p'\''"'
pkg_cv_BLUETOOTH_CFLAGS=' '
pkg_cv_BLUETOOTH_LIBS='-lbluetooth  '
pkg_cv_OPENOBEX_CFLAGS=' '
pkg_cv_OPENOBEX_LIBS='-lopenobex -lbluetooth  '

## ----------------- ##
## Output variables. ##
## ----------------- ##

ACLOCAL='${SHELL} /home/manuel/AIRcable/aircable/lcd_temp/obexftp-0.22/missing --run aclocal-1.10'
AMDEPBACKSLASH='\'
AMDEP_FALSE='#'
AMDEP_TRUE=''
AMTAR='${SHELL} /home/manuel/AIRcable/aircable/lcd_temp/obexftp-0.22/missing --run tar'
AR='ar'
AUTOCONF='${SHELL} /home/manuel/AIRcable/aircable/lcd_temp/obexftp-0.22/missing --run autoconf'
AUTOHEADER='${SHELL} /home/manuel/AIRcable/aircable/lcd_temp/obexftp-0.22/missing --run autoheader'
AUTOMAKE='${SHELL} /home/manuel/AIRcable/aircable/lcd_temp/obexftp-0.22/missing --run automake-1.10'
AWK='gawk'
BFB_VERSION='0\:5\:0'
BLUETOOTH_CFLAGS=' '
BLUETOOTH_LIBS='-lbluetooth  '
BUILD_DOCS_FALSE=''
BUILD_DOCS_TRUE='#'
CC='gcc'
CCDEPMODE='depmode=gcc3'
CFLAGS='-g -O2 -W -Wundef -Wmissing-declarations -Wmissing-prototypes -Wall'
CPP='gcc -E'
CPPFLAGS=''
CXX='g++'
CXXCPP='g++ -E'
CXXDEPMODE='depmode=gcc3'
CXXFLAGS='-g -O2'
CYGPATH_W='echo'
DEFS='-DHAVE_CONFIG_H'
DEPDIR='.deps'
ECHO='echo'
ECHO_C=''
ECHO_N='-n'
ECHO_T=''
EGREP='/bin/grep -E'
ENABLE_PERL_FALSE='#'
ENABLE_PERL_TRUE=''
ENABLE_PYTHON_FALSE='#'
ENABLE_PYTHON_TRUE=''
ENABLE_RUBY_FALSE='#'
ENABLE_RUBY_TRUE=''
ENABLE_SWIG_FALSE=''
ENABLE_SWIG_TRUE='#'
ENABLE_TCL_FALSE='#'
ENABLE_TCL_TRUE=''
EXEEXT=''
EXTRA_LIBS=''
F77='g77'
FFLAGS='-g -O2'
GREP='/bin/grep'
INSTALL_DATA='${INSTALL} -m 644'
INSTALL_PROGRAM='${INSTALL}'
INSTALL_SCRIPT='${INSTALL}'
INSTALL_STRIP_PROGRAM='$(install_sh) -c -s'
LDFLAGS=''
LIBICONV=''
LIBOBJS=''
LIBS=''
LIBTOOL='$(SHELL) $(top_builddir)/libtool'
LN_S='ln -s'
LTLIBICONV=''
LTLIBOBJS=''
MAKEINFO='${SHELL} /home/manuel/AIRcable/aircable/lcd_temp/obexftp-0.22/missing --run makeinfo'
MULTICOBEX_VERSION='1\:1\:0'
OBEXFTP_VERSION='2\:0\:2'
OBJEXT='o'
OPENOBEX_CFLAGS=' '
OPENOBEX_LIBS='-lopenobex -lbluetooth  '
PACKAGE='obexftp'
PACKAGE_BUGREPORT='zany@triq.net'
PACKAGE_NAME='ObexFTP'
PACKAGE_STRING='ObexFTP 0.22'
PACKAGE_TARNAME='obexftp'
PACKAGE_VERSION='0.22'
PATH_SEPARATOR=':'
PERL='/usr/bin/perl'
PKG_CONFIG='/usr/bin/pkg-config'
PYTHON='/usr/bin/python'
PYTHON_EXEC_PREFIX='${exec_prefix}'
PYTHON_PLATFORM='linux2'
PYTHON_PREFIX='${prefix}'
PYTHON_VERSION='2.5'
RANLIB='ranlib'
RUBY='/usr/bin/ruby'
SET_MAKE=''
SHELL='/bin/sh'
STRIP='strip'
SWIG=''
SWIG_LIB=''
TCLSH='/usr/bin/tclsh'
VERSION='0.22'
ac_ct_CC='gcc'
ac_ct_CXX='g++'
ac_ct_F77='g77'
ac_perl_enabled='yes'
ac_python_enabled='yes'
ac_ruby_enabled='yes'
ac_tcl_enabled='yes'
am__fastdepCC_FALSE='#'
am__fastdepCC_TRUE=''
am__fastdepCXX_FALSE='#'
am__fastdepCXX_TRUE=''
am__include='include'
am__isrc=''
am__leading_dot='.'
am__quote=''
am__tar='${AMTAR} chof - "$$tardir"'
am__untar='${AMTAR} xf -'
bindir='${exec_prefix}/bin'
build='x86_64-unknown-linux-gnu'
build_alias=''
build_cpu='x86_64'
build_os='linux-gnu'
build_vendor='unknown'
datadir='${datarootdir}'
datarootdir='${prefix}/share'
docdir='${datarootdir}/doc/${PACKAGE_TARNAME}'
dvidir='${docdir}'
exec_prefix='${prefix}'
host='x86_64-unknown-linux-gnu'
host_alias=''
host_cpu='x86_64'
host_os='linux-gnu'
host_vendor='unknown'
htmldir='${docdir}'
includedir='${prefix}/include'
infodir='${datarootdir}/info'
install_sh='$(SHELL) /home/manuel/AIRcable/aircable/lcd_temp/obexftp-0.22/install-sh'
libdir='${exec_prefix}/lib'
libexecdir='${exec_prefix}/libexec'
localedir='${datarootdir}/locale'
localstatedir='${prefix}/var'
mandir='${datarootdir}/man'
mkdir_p='/bin/mkdir -p'
oldincludedir='/usr/include'
pdfdir='${docdir}'
pkgpyexecdir='${pyexecdir}/obexftp'
pkgpythondir='${pythondir}/obexftp'
prefix='/usr'
program_transform_name='s,x,x,'
psdir='${docdir}'
pyexecdir='${exec_prefix}/lib64/python2.5/site-packages'
pythondir='${prefix}/lib/python2.5/site-packages'
sbindir='${exec_prefix}/sbin'
sharedstatedir='${prefix}/com'
sysconfdir='${prefix}/etc'
target_alias=''

## ----------- ##
## confdefs.h. ##
## ----------- ##

#define PACKAGE_NAME "ObexFTP"
#define PACKAGE_TARNAME "obexftp"
#define PACKAGE_VERSION "0.22"
#define PACKAGE_STRING "ObexFTP 0.22"
#define PACKAGE_BUGREPORT "zany@triq.net"
#define PACKAGE "obexftp"
#define VERSION "0.22"
#define STDC_HEADERS 1
#define HAVE_SYS_TYPES_H 1
#define HAVE_SYS_STAT_H 1
#define HAVE_STDLIB_H 1
#define HAVE_STRING_H 1
#define HAVE_MEMORY_H 1
#define HAVE_STRINGS_H 1
#define HAVE_INTTYPES_H 1
#define HAVE_STDINT_H 1
#define HAVE_UNISTD_H 1
#define HAVE_DLFCN_H 1
#define STDC_HEADERS 1
#define HAVE_DIRENT_H 1
#define HAVE_ARPA_INET_H 1
#define HAVE_ERRNO_H 1
#define HAVE_FCNTL_H 1
#define HAVE_NETDB_H 1
#define HAVE_NETINET_IN_H 1
#define HAVE_STDLIB_H 1
#define HAVE_STRING_H 1
#define HAVE_SYS_IOCTL_H 1
#define HAVE_SYS_SOCKET_H 1
#define HAVE_SYS_TIME_H 1
#define HAVE_TERMIOS_H 1
#define HAVE_UNISTD_H 1
#define HAVE_SYS_SELECT_H 1
#define HAVE_ICONV 1
#define ICONV_CONST 
#define HAVE_BLUETOOTH 1
#define HAVE_SDPLIB 1
#define HAVE_USB 1

configure: exit 0
